<?xml version="1.0" encoding="UTF-8"?>
<!-- Generated by org.testng.reporters.JUnitReportReporter -->
<testsuite hostname="DESKTOP-LT0MAOO" name="Org.qsp.testgdemo.ParallelClass2" tests="2" failures="0" timestamp="31 Jul 2020 06:00:27 GMT" time="29.064" errors="0">
  <testcase name="m1" time="13.867" classname="Org.qsp.testgdemo.ParallelClass2"/>
  <testcase name="m2" time="15.197" classname="Org.qsp.testgdemo.ParallelClass2"/>
</testsuite> <!-- Org.qsp.testgdemo.ParallelClass2 -->
