<?xml version="1.0" encoding="UTF-8"?>
<!-- Generated by org.testng.reporters.JUnitReportReporter -->
<testsuite hostname="DESKTOP-LT0MAOO" name="Org.qsp.testgdemo.ParallelClass1" tests="1" failures="0" timestamp="31 Jul 2020 05:43:51 GMT" time="13.449" errors="0">
  <testcase name="m1" time="13.449" classname="Org.qsp.testgdemo.ParallelClass1"/>
</testsuite> <!-- Org.qsp.testgdemo.ParallelClass1 -->
