<?xml version="1.0" encoding="UTF-8"?>
<!-- Generated by org.testng.reporters.JUnitReportReporter -->
<testsuite hostname="DESKTOP-LT0MAOO" name="Org.qsp.testgdemo.readData" tests="2" failures="0" timestamp="30 Jul 2020 06:32:50 GMT" time="0.013" errors="0">
  <testcase name="fetch" time="0.010" classname="Org.qsp.testgdemo.readData"/>
  <testcase name="fetch" time="0.003" classname="Org.qsp.testgdemo.readData"/>
</testsuite> <!-- Org.qsp.testgdemo.readData -->
