<?xml version="1.0" encoding="UTF-8"?>
<!-- Generated by org.testng.reporters.JUnitReportReporter -->
<testsuite hostname="DESKTOP-LT0MAOO" name="Org.qsp.testgdemo.demodependonmethod" tests="3" failures="0" timestamp="29 Jul 2020 04:42:01 GMT" time="0.027" errors="0">
  <testcase name="m1" time="0.001" classname="Org.qsp.testgdemo.demodependonmethod"/>
  <testcase name="m3" time="0.025" classname="Org.qsp.testgdemo.demodependonmethod"/>
  <testcase name="m2" time="0.001" classname="Org.qsp.testgdemo.demodependonmethod"/>
</testsuite> <!-- Org.qsp.testgdemo.demodependonmethod -->
