<?xml version="1.0" encoding="UTF-8"?>
<!-- Generated by org.testng.reporters.JUnitReportReporter -->
<testsuite hostname="DESKTOP-LT0MAOO" name="Org.qsp.testgdemo.ParallelBrowser" tests="2" failures="0" timestamp="3 Aug 2020 05:09:36 GMT" time="43.071" errors="0">
  <testcase name="m" time="17.824" classname="Org.qsp.testgdemo.ParallelBrowser"/>
  <testcase name="m" time="25.247" classname="Org.qsp.testgdemo.ParallelBrowser"/>
</testsuite> <!-- Org.qsp.testgdemo.ParallelBrowser -->
