<?xml version="1.0" encoding="UTF-8"?>
<!-- Generated by org.testng.reporters.JUnitReportReporter -->
<testsuite hostname="DESKTOP-LT0MAOO" name="Org.qsp.testgdemo.demoGecko" tests="1" failures="0" timestamp="31 Jul 2020 06:29:46 GMT" time="13.423" errors="0">
  <testcase name="m" time="13.423" classname="Org.qsp.testgdemo.demoGecko"/>
</testsuite> <!-- Org.qsp.testgdemo.demoGecko -->
