<?xml version="1.0" encoding="UTF-8"?>
<!-- Generated by org.testng.reporters.JUnitReportReporter -->
<testsuite hostname="DESKTOP-LT0MAOO" name="Org.qsp.testgdemo.assertDemo" tests="1" failures="0" timestamp="31 Jul 2020 05:01:12 GMT" time="0.015" errors="0">
  <testcase name="m1" time="0.015" classname="Org.qsp.testgdemo.assertDemo"/>
</testsuite> <!-- Org.qsp.testgdemo.assertDemo -->
