<?xml version="1.0" encoding="UTF-8"?>
<!-- Generated by org.testng.reporters.JUnitReportReporter -->
<testsuite hostname="DESKTOP-LT0MAOO" name="Org.qsp.testgdemo.demoTestng" tests="2" failures="0" timestamp="24 Jul 2020 06:14:17 GMT" time="11.420" errors="0">
  <testcase name="m1" time="11.418" classname="Org.qsp.testgdemo.demoTestng"/>
  <testcase name="m2" time="0.002" classname="Org.qsp.testgdemo.demoTestng"/>
</testsuite> <!-- Org.qsp.testgdemo.demoTestng -->
