<?xml version="1.0" encoding="UTF-8"?>
<!-- Generated by org.testng.reporters.JUnitReportReporter -->
<testsuite hostname="DESKTOP-LT0MAOO" name="Org.qsp.testgdemo.demoDataProvider" tests="3" failures="0" timestamp="30 Jul 2020 05:07:37 GMT" time="0.026" errors="0">
  <testcase name="fetch" time="0.006" classname="Org.qsp.testgdemo.demoDataProvider"/>
  <testcase name="fetch" time="0.003" classname="Org.qsp.testgdemo.demoDataProvider"/>
  <testcase name="fetch" time="0.017" classname="Org.qsp.testgdemo.demoDataProvider"/>
</testsuite> <!-- Org.qsp.testgdemo.demoDataProvider -->
